<?xml version="1.0" encoding="UTF-8"?>
<testsuite xmlns:xsi="http://www.w3.org/2001/XMLSchema-instance" xsi:noNamespaceSchemaLocation="https://maven.apache.org/surefire/maven-surefire-plugin/xsd/surefire-test-report-3.0.xsd" version="3.0" name="com.cybage.alm.AppTest" time="0.188" tests="5" errors="0" skipped="0" failures="0">
  <properties>
    <property name="sun.desktop" value="windows"/>
    <property name="awt.toolkit" value="sun.awt.windows.WToolkit"/>
    <property name="java.specification.version" value="11"/>
    <property name="sun.cpu.isalist" value="amd64"/>
    <property name="sun.jnu.encoding" value="Cp1252"/>
    <property name="java.class.path" value="E:\Sonar_projects\calculator_demo\calculator_demo\target\test-classes;E:\Sonar_projects\calculator_demo\calculator_demo\target\classes;C:\Users\pritamde\.m2\repository\junit\junit\4.11\junit-4.11.jar;C:\Users\pritamde\.m2\repository\org\hamcrest\hamcrest-core\1.3\hamcrest-core-1.3.jar;"/>
    <property name="java.vm.vendor" value="Oracle Corporation"/>
    <property name="sun.arch.data.model" value="64"/>
    <property name="user.variant" value=""/>
    <property name="java.vendor.url" value="http://java.oracle.com/"/>
    <property name="user.timezone" value="Asia/Calcutta"/>
    <property name="java.vm.specification.version" value="11"/>
    <property name="os.name" value="Windows 10"/>
    <property name="sun.java.launcher" value="SUN_STANDARD"/>
    <property name="user.country" value="IN"/>
    <property name="sun.boot.library.path" value="C:\Program Files\JAVA\openjdk-11.0.2_windows-x64_bin\jdk-11.0.2\bin"/>
    <property name="sun.java.command" value="C:\Users\pritamde\AppData\Local\Temp\surefire3626888143871339379\surefirebooter-20241114132826999_3.jar C:\Users\pritamde\AppData\Local\Temp\surefire3626888143871339379 2024-11-14T13-28-26_717-jvmRun1 surefire-20241114132826999_1tmp surefire_0-20241114132826999_2tmp"/>
    <property name="jdk.debug" value="release"/>
    <property name="surefire.test.class.path" value="E:\Sonar_projects\calculator_demo\calculator_demo\target\test-classes;E:\Sonar_projects\calculator_demo\calculator_demo\target\classes;C:\Users\pritamde\.m2\repository\junit\junit\4.11\junit-4.11.jar;C:\Users\pritamde\.m2\repository\org\hamcrest\hamcrest-core\1.3\hamcrest-core-1.3.jar;"/>
    <property name="sun.cpu.endian" value="little"/>
    <property name="user.home" value="C:\Users\pritamde"/>
    <property name="user.language" value="en"/>
    <property name="java.specification.vendor" value="Oracle Corporation"/>
    <property name="java.version.date" value="2019-01-15"/>
    <property name="java.home" value="C:\Program Files\JAVA\openjdk-11.0.2_windows-x64_bin\jdk-11.0.2"/>
    <property name="file.separator" value="\"/>
    <property name="basedir" value="E:\Sonar_projects\calculator_demo\calculator_demo"/>
    <property name="java.vm.compressedOopsMode" value="Zero based"/>
    <property name="line.separator" value="&#10;"/>
    <property name="java.specification.name" value="Java Platform API Specification"/>
    <property name="java.vm.specification.vendor" value="Oracle Corporation"/>
    <property name="java.awt.graphicsenv" value="sun.awt.Win32GraphicsEnvironment"/>
    <property name="surefire.real.class.path" value="C:\Users\pritamde\AppData\Local\Temp\surefire3626888143871339379\surefirebooter-20241114132826999_3.jar"/>
    <property name="user.script" value=""/>
    <property name="sun.management.compiler" value="HotSpot 64-Bit Tiered Compilers"/>
    <property name="java.runtime.version" value="11.0.2+9"/>
    <property name="user.name" value="pritamde"/>
    <property name="path.separator" value=";"/>
    <property name="os.version" value="10.0"/>
    <property name="java.runtime.name" value="OpenJDK Runtime Environment"/>
    <property name="file.encoding" value="Cp1252"/>
    <property name="java.vm.name" value="OpenJDK 64-Bit Server VM"/>
    <property name="java.vendor.version" value="18.9"/>
    <property name="localRepository" value="C:\Users\pritamde\.m2\repository"/>
    <property name="java.vendor.url.bug" value="http://bugreport.java.com/bugreport/"/>
    <property name="java.io.tmpdir" value="C:\Users\pritamde\AppData\Local\Temp\"/>
    <property name="java.version" value="11.0.2"/>
    <property name="user.dir" value="E:\Sonar_projects\calculator_demo\calculator_demo"/>
    <property name="os.arch" value="amd64"/>
    <property name="java.vm.specification.name" value="Java Virtual Machine Specification"/>
    <property name="java.awt.printerjob" value="sun.awt.windows.WPrinterJob"/>
    <property name="sun.os.patch.level" value=""/>
    <property name="java.library.path" value="C:\Program Files\JAVA\openjdk-11.0.2_windows-x64_bin\jdk-11.0.2\bin;C:\Windows\Sun\Java\bin;C:\Windows\system32;C:\Windows;C:\Windows\system32;C:\Windows;C:\Windows\System32\Wbem;C:\Windows\System32\WindowsPowerShell\v1.0\;C:\Windows\System32\OpenSSH\;C:\Program Files (x86)\CheckPoint\Endpoint Security\Endpoint Common\bin;C:\Program Files\Git\cmd;C:\Program Files\JAVA\openjdk-11.0.2_windows-x64_bin\jdk-11.0.2\bin;C:\Users\pritamde\Downloads\sonarqube-7.9.6\sonarqube-7.9.6\bin;C:\Users\pritamde\Downloads\sonar-scanner-cli-4.4.0.2170-windows\sonar-scanner-4.4.0.2170-windows\bin;C:\Users\pritamde\Downloads\apache-maven-3.9.9-bin\apache-maven-3.9.9\bin;C:\Users\pritamde\Downloads\php-8.3.12-Win32-vs16-x64;C:\Program Files\PuTTY\;C:\Program Files\nodejs\;C:\ProgramData\ComposerSetup\bin;E:\jenkins_directory;C:\Users\pritamde\AppData\Local\Microsoft\WindowsApps;C:\Users\pritamde\AppData\Roaming\npm;E:\Microsoft VS Code\bin;C:\Users\pritamde\AppData\Roaming\Composer\vendor\bin;."/>
    <property name="java.vendor" value="Oracle Corporation"/>
    <property name="java.vm.info" value="mixed mode"/>
    <property name="java.vm.version" value="11.0.2+9"/>
    <property name="sun.io.unicode.encoding" value="UnicodeLittle"/>
    <property name="java.class.version" value="55.0"/>
  </properties>
  <testcase name="testSum" classname="com.cybage.alm.AppTest" time="0.0"/>
  <testcase name="testMinus" classname="com.cybage.alm.AppTest" time="0.0"/>
  <testcase name="testDivide" classname="com.cybage.alm.AppTest" time="0.0"/>
  <testcase name="testMultiply" classname="com.cybage.alm.AppTest" time="0.016"/>
  <testcase name="testDivideWillThrowExceptionWhenDivideOnZero" classname="com.cybage.alm.AppTest" time="0.0"/>
</testsuite>